2025-11-20 19:54:13 +00:00: 
2025-11-20 19:54:13 +00:00: > @kan/web@0.1.0 start /home/yamz/sites/projex/apps/web
2025-11-20 19:54:13 +00:00: > pnpm with-env next start
2025-11-20 19:54:13 +00:00: 
2025-11-20 19:54:14 +00:00: 
2025-11-20 19:54:14 +00:00: > @kan/web@0.1.0 with-env /home/yamz/sites/projex/apps/web
2025-11-20 19:54:14 +00:00: > dotenv -e ../../.env -- "next" "start"
2025-11-20 19:54:14 +00:00: 
2025-11-20 19:54:14 +00:00:    ▲ Next.js 15.5.2
2025-11-20 19:54:14 +00:00:    - Local:        http://localhost:3000
2025-11-20 19:54:14 +00:00:    - Network:      http://159.89.146.28:3000
2025-11-20 19:54:14 +00:00: 
2025-11-20 19:54:14 +00:00:  ✓ Starting...
2025-11-20 19:54:15 +00:00: - event [next-runtime-env] read environment variables prefixed with 'NEXT_PUBLIC_' from process.env.
2025-11-20 19:54:15 +00:00: - ready [next-runtime-env] wrote browser runtime environment variables to '/home/yamz/sites/projex/apps/web/public/__ENV.js'.
2025-11-20 19:54:15 +00:00:  ⚠ Warning: Next.js inferred your workspace root, but it may not be correct.
2025-11-20 19:54:15 +00:00:  We detected multiple lockfiles and selected the directory of /home/yamz/sites/package-lock.json as the root directory.
2025-11-20 19:54:15 +00:00:  To silence this warning, set `outputFileTracingRoot` in your Next.js config, or consider removing one of the lockfiles if it's not needed.
2025-11-20 19:54:15 +00:00:    See https://nextjs.org/docs/app/api-reference/config/next-config-js/output#caveats for more information.
2025-11-20 19:54:15 +00:00:  Detected additional lockfiles: 
2025-11-20 19:54:15 +00:00:    * /home/yamz/sites/projex/pnpm-lock.yaml
2025-11-20 19:54:15 +00:00: 
2025-11-20 19:54:15 +00:00: {"level":30,"time":1763668455586,"pid":236369,"hostname":"NeuroAcademy","name":"console","msg":" ✓ Ready in 931ms"}
2025-11-20 19:55:12 +00:00: {"level":50,"time":1763668512162,"pid":236369,"hostname":"NeuroAcademy","name":"console","err":{"type":"DatabaseError","message":"password authentication failed for user \"yamz\"","stack":"error: password authentication failed for user \"yamz\"\n    at /home/yamz/sites/projex/node_modules/pg-pool/index.js:45:11\n    at process.processTicksAndRejections (node:internal/process/task_queues:105:5)\n    at async file:///home/yamz/sites/projex/node_modules/drizzle-orm/node-postgres/session.js:113:22\n    at async Object.findOne (file:///home/yamz/sites/projex/node_modules/better-auth/dist/adapters/drizzle-adapter/index.mjs:180:21)\n    at async Object.findOne (file:///home/yamz/sites/projex/node_modules/better-auth/dist/shared/better-auth.gBl3F_xa.mjs:543:19)\n    at async Object.findSession (file:///home/yamz/sites/projex/node_modules/better-auth/dist/shared/better-auth.B-6xBTSt.mjs:347:23)\n    at async file:///home/yamz/sites/projex/node_modules/better-auth/dist/shared/better-auth.BbL1R1Sz.mjs:391:23\n    at async internalHandler (file:///home/yamz/sites/projex/node_modules/better-call/dist/index.js:662:22)\n    at async api.<computed> (file:///home/yamz/sites/projex/node_modules/better-auth/dist/shared/better-auth.BbL1R1Sz.mjs:6195:22)\n    at async processRequest (file:///home/yamz/sites/projex/node_modules/better-call/dist/index.js:3138:24)","length":100,"name":"error","severity":"FATAL","code":"28P01","file":"auth.c","line":"329","routine":"auth_failed"},"msg":"\u001b[2m2025-11-20T19:55:12.162Z\u001b[0m \u001b[31mERROR\u001b[0m \u001b[1m[Better Auth]:\u001b[0m INTERNAL_SERVER_ERROR"}
2025-11-20 19:55:27 +00:00: {"level":50,"time":1763668527348,"pid":236369,"hostname":"NeuroAcademy","name":"console","msg":"\u001b[2m2025-11-20T19:55:27.348Z\u001b[0m \u001b[31mERROR\u001b[0m \u001b[1m[Better Auth]:\u001b[0m Password is too short"}
2025-11-20 19:55:36 +00:00: {"level":50,"time":1763668536375,"pid":236369,"hostname":"NeuroAcademy","name":"console","err":{"type":"DatabaseError","message":"password authentication failed for user \"yamz\"","stack":"error: password authentication failed for user \"yamz\"\n    at /home/yamz/sites/projex/node_modules/pg-pool/index.js:45:11\n    at process.processTicksAndRejections (node:internal/process/task_queues:105:5)\n    at async file:///home/yamz/sites/projex/node_modules/drizzle-orm/node-postgres/session.js:113:22\n    at async Object.findOne (file:///home/yamz/sites/projex/node_modules/better-auth/dist/adapters/drizzle-adapter/index.mjs:180:21)\n    at async Object.findOne (file:///home/yamz/sites/projex/node_modules/better-auth/dist/shared/better-auth.gBl3F_xa.mjs:543:19)\n    at async Object.findUserByEmail (file:///home/yamz/sites/projex/node_modules/better-auth/dist/shared/better-auth.B-6xBTSt.mjs:635:20)\n    at async file:///home/yamz/sites/projex/node_modules/better-auth/dist/api/index.mjs:187:20\n    at async internalHandler (file:///home/yamz/sites/projex/node_modules/better-call/dist/index.js:662:22)\n    at async api.<computed> (file:///home/yamz/sites/projex/node_modules/better-auth/dist/shared/better-auth.BbL1R1Sz.mjs:6195:22)\n    at async processRequest (file:///home/yamz/sites/projex/node_modules/better-call/dist/index.js:3138:24)","length":100,"name":"error","severity":"FATAL","code":"28P01","file":"auth.c","line":"329","routine":"auth_failed"},"msg":"# SERVER_ERROR: "}
2025-11-20 19:55:38 +00:00: {"level":50,"time":1763668538585,"pid":236369,"hostname":"NeuroAcademy","name":"console","err":{"type":"DatabaseError","message":"password authentication failed for user \"yamz\"","stack":"error: password authentication failed for user \"yamz\"\n    at /home/yamz/sites/projex/node_modules/pg-pool/index.js:45:11\n    at process.processTicksAndRejections (node:internal/process/task_queues:105:5)\n    at async file:///home/yamz/sites/projex/node_modules/drizzle-orm/node-postgres/session.js:113:22\n    at async Object.findOne (file:///home/yamz/sites/projex/node_modules/better-auth/dist/adapters/drizzle-adapter/index.mjs:180:21)\n    at async Object.findOne (file:///home/yamz/sites/projex/node_modules/better-auth/dist/shared/better-auth.gBl3F_xa.mjs:543:19)\n    at async Object.findUserByEmail (file:///home/yamz/sites/projex/node_modules/better-auth/dist/shared/better-auth.B-6xBTSt.mjs:635:20)\n    at async file:///home/yamz/sites/projex/node_modules/better-auth/dist/api/index.mjs:187:20\n    at async internalHandler (file:///home/yamz/sites/projex/node_modules/better-call/dist/index.js:662:22)\n    at async api.<computed> (file:///home/yamz/sites/projex/node_modules/better-auth/dist/shared/better-auth.BbL1R1Sz.mjs:6195:22)\n    at async processRequest (file:///home/yamz/sites/projex/node_modules/better-call/dist/index.js:3138:24)","length":100,"name":"error","severity":"FATAL","code":"28P01","file":"auth.c","line":"329","routine":"auth_failed"},"msg":"# SERVER_ERROR: "}
2025-11-20 19:58:10 +00:00: 
2025-11-20 19:58:10 +00:00: > @kan/web@0.1.0 start /home/yamz/sites/projex/apps/web
2025-11-20 19:58:10 +00:00: > pnpm with-env next start
2025-11-20 19:58:10 +00:00: 
2025-11-20 19:58:10 +00:00: 
2025-11-20 19:58:10 +00:00: > @kan/web@0.1.0 with-env /home/yamz/sites/projex/apps/web
2025-11-20 19:58:10 +00:00: > dotenv -e ../../.env -- "next" "start"
2025-11-20 19:58:10 +00:00: 
2025-11-20 19:58:11 +00:00:    ▲ Next.js 15.5.2
2025-11-20 19:58:11 +00:00:    - Local:        http://localhost:3000
2025-11-20 19:58:11 +00:00:    - Network:      http://159.89.146.28:3000
2025-11-20 19:58:11 +00:00: 
2025-11-20 19:58:11 +00:00:  ✓ Starting...
2025-11-20 19:58:12 +00:00: - event [next-runtime-env] read environment variables prefixed with 'NEXT_PUBLIC_' from process.env.
2025-11-20 19:58:12 +00:00: - ready [next-runtime-env] wrote browser runtime environment variables to '/home/yamz/sites/projex/apps/web/public/__ENV.js'.
2025-11-20 19:58:12 +00:00:  ⚠ Warning: Next.js inferred your workspace root, but it may not be correct.
2025-11-20 19:58:12 +00:00:  We detected multiple lockfiles and selected the directory of /home/yamz/sites/package-lock.json as the root directory.
2025-11-20 19:58:12 +00:00:  To silence this warning, set `outputFileTracingRoot` in your Next.js config, or consider removing one of the lockfiles if it's not needed.
2025-11-20 19:58:12 +00:00:    See https://nextjs.org/docs/app/api-reference/config/next-config-js/output#caveats for more information.
2025-11-20 19:58:12 +00:00:  Detected additional lockfiles: 
2025-11-20 19:58:12 +00:00:    * /home/yamz/sites/projex/pnpm-lock.yaml
2025-11-20 19:58:12 +00:00: 
2025-11-20 19:58:12 +00:00: {"level":30,"time":1763668692326,"pid":237551,"hostname":"NeuroAcademy","name":"console","msg":" ✓ Ready in 969ms"}
2025-11-20 20:04:36 +00:00: 
2025-11-20 20:04:36 +00:00: > @kan/web@0.1.0 start /home/yamz/sites/projex/apps/web
2025-11-20 20:04:36 +00:00: > pnpm with-env next start
2025-11-20 20:04:36 +00:00: 
2025-11-20 20:04:37 +00:00: 
2025-11-20 20:04:37 +00:00: > @kan/web@0.1.0 with-env /home/yamz/sites/projex/apps/web
2025-11-20 20:04:37 +00:00: > dotenv -e ../../.env -- "next" "start"
2025-11-20 20:04:37 +00:00: 
2025-11-20 20:04:38 +00:00:    ▲ Next.js 15.5.2
2025-11-20 20:04:38 +00:00:    - Local:        http://localhost:3000
2025-11-20 20:04:38 +00:00:    - Network:      http://159.89.146.28:3000
2025-11-20 20:04:38 +00:00: 
2025-11-20 20:04:38 +00:00:  ✓ Starting...
2025-11-20 20:04:38 +00:00: - event [next-runtime-env] read environment variables prefixed with 'NEXT_PUBLIC_' from process.env.
2025-11-20 20:04:38 +00:00: - ready [next-runtime-env] wrote browser runtime environment variables to '/home/yamz/sites/projex/apps/web/public/__ENV.js'.
2025-11-20 20:04:38 +00:00:  ⚠ Warning: Next.js inferred your workspace root, but it may not be correct.
2025-11-20 20:04:38 +00:00:  We detected multiple lockfiles and selected the directory of /home/yamz/sites/package-lock.json as the root directory.
2025-11-20 20:04:38 +00:00:  To silence this warning, set `outputFileTracingRoot` in your Next.js config, or consider removing one of the lockfiles if it's not needed.
2025-11-20 20:04:38 +00:00:    See https://nextjs.org/docs/app/api-reference/config/next-config-js/output#caveats for more information.
2025-11-20 20:04:38 +00:00:  Detected additional lockfiles: 
2025-11-20 20:04:38 +00:00:    * /home/yamz/sites/projex/pnpm-lock.yaml
2025-11-20 20:04:38 +00:00: 
2025-11-20 20:04:38 +00:00: {"level":30,"time":1763669078832,"pid":239109,"hostname":"NeuroAcademy","name":"console","msg":" ✓ Ready in 952ms"}
2025-11-20 20:04:44 +00:00: {"level":30,"time":1763669084869,"pid":239109,"hostname":"NeuroAcademy","name":"console","msg":"\u001b[2m2025-11-20T20:04:44.869Z\u001b[0m \u001b[34mINFO\u001b[0m \u001b[1m[Better Auth]:\u001b[0m Sign-up attempt for existing email: testuser@example.com"}
2025-11-20 20:04:49 +00:00: {"level":30,"time":1763669089709,"pid":239109,"hostname":"NeuroAcademy","name":"console","msg":"Created default workspace for user newuser@example.com: eymjqu2szk3p"}
2025-11-20 20:20:00 +00:00: 
2025-11-20 20:20:00 +00:00: > @kan/web@0.1.0 start /home/yamz/sites/projex/apps/web
2025-11-20 20:20:00 +00:00: > pnpm with-env next start
2025-11-20 20:20:00 +00:00: 
2025-11-20 20:20:01 +00:00: 
2025-11-20 20:20:01 +00:00: > @kan/web@0.1.0 with-env /home/yamz/sites/projex/apps/web
2025-11-20 20:20:01 +00:00: > dotenv -e ../../.env -- "next" "start"
2025-11-20 20:20:01 +00:00: 
2025-11-20 20:20:03 +00:00:    ▲ Next.js 15.5.2
2025-11-20 20:20:03 +00:00:    - Local:        http://localhost:3000
2025-11-20 20:20:03 +00:00:    - Network:      http://159.89.146.28:3000
2025-11-20 20:20:03 +00:00: 
2025-11-20 20:20:03 +00:00:  ✓ Starting...
2025-11-20 20:20:03 +00:00: - event [next-runtime-env] read environment variables prefixed with 'NEXT_PUBLIC_' from process.env.
2025-11-20 20:20:03 +00:00: - ready [next-runtime-env] wrote browser runtime environment variables to '/home/yamz/sites/projex/apps/web/public/__ENV.js'.
2025-11-20 20:20:03 +00:00:  ⚠ Warning: Next.js inferred your workspace root, but it may not be correct.
2025-11-20 20:20:03 +00:00:  We detected multiple lockfiles and selected the directory of /home/yamz/sites/package-lock.json as the root directory.
2025-11-20 20:20:03 +00:00:  To silence this warning, set `outputFileTracingRoot` in your Next.js config, or consider removing one of the lockfiles if it's not needed.
2025-11-20 20:20:03 +00:00:    See https://nextjs.org/docs/app/api-reference/config/next-config-js/output#caveats for more information.
2025-11-20 20:20:03 +00:00:  Detected additional lockfiles: 
2025-11-20 20:20:03 +00:00:    * /home/yamz/sites/projex/pnpm-lock.yaml
2025-11-20 20:20:03 +00:00: 
2025-11-20 20:20:04 +00:00: {"level":30,"time":1763670004154,"pid":243325,"hostname":"NeuroAcademy","name":"console","msg":" ✓ Ready in 1562ms"}
2025-11-20 20:32:20 +00:00: {"level":50,"time":1763670740478,"pid":243325,"hostname":"NeuroAcademy","name":"console","err":{"type":"DatabaseError","message":"password authentication failed for user \"yamz\"","stack":"error: password authentication failed for user \"yamz\"\n    at /home/yamz/sites/projex/node_modules/pg-pool/index.js:45:11\n    at process.processTicksAndRejections (node:internal/process/task_queues:105:5)\n    at async file:///home/yamz/sites/projex/node_modules/drizzle-orm/node-postgres/session.js:113:22\n    at async Object.findOne (file:///home/yamz/sites/projex/node_modules/better-auth/dist/adapters/drizzle-adapter/index.mjs:180:21)\n    at async Object.findOne (file:///home/yamz/sites/projex/node_modules/better-auth/dist/shared/better-auth.gBl3F_xa.mjs:543:19)\n    at async Object.findSession (file:///home/yamz/sites/projex/node_modules/better-auth/dist/shared/better-auth.B-6xBTSt.mjs:347:23)\n    at async file:///home/yamz/sites/projex/node_modules/better-auth/dist/shared/better-auth.BbL1R1Sz.mjs:391:23\n    at async internalHandler (file:///home/yamz/sites/projex/node_modules/better-call/dist/index.js:662:22)\n    at async api.<computed> (file:///home/yamz/sites/projex/node_modules/better-auth/dist/shared/better-auth.BbL1R1Sz.mjs:6195:22)\n    at async processRequest (file:///home/yamz/sites/projex/node_modules/better-call/dist/index.js:3138:24)","length":100,"name":"error","severity":"FATAL","code":"28P01","file":"auth.c","line":"329","routine":"auth_failed"},"msg":"\u001b[2m2025-11-20T20:32:20.478Z\u001b[0m \u001b[31mERROR\u001b[0m \u001b[1m[Better Auth]:\u001b[0m INTERNAL_SERVER_ERROR"}
2025-11-20 20:32:37 +00:00: {"level":50,"time":1763670757368,"pid":243325,"hostname":"NeuroAcademy","name":"console","err":{"type":"DatabaseError","message":"password authentication failed for user \"yamz\"","stack":"error: password authentication failed for user \"yamz\"\n    at /home/yamz/sites/projex/node_modules/pg-pool/index.js:45:11\n    at process.processTicksAndRejections (node:internal/process/task_queues:105:5)\n    at async file:///home/yamz/sites/projex/node_modules/drizzle-orm/node-postgres/session.js:113:22\n    at async Object.findOne (file:///home/yamz/sites/projex/node_modules/better-auth/dist/adapters/drizzle-adapter/index.mjs:180:21)\n    at async Object.findOne (file:///home/yamz/sites/projex/node_modules/better-auth/dist/shared/better-auth.gBl3F_xa.mjs:543:19)\n    at async Object.findUserByEmail (file:///home/yamz/sites/projex/node_modules/better-auth/dist/shared/better-auth.B-6xBTSt.mjs:635:20)\n    at async file:///home/yamz/sites/projex/node_modules/better-auth/dist/api/index.mjs:187:20\n    at async internalHandler (file:///home/yamz/sites/projex/node_modules/better-call/dist/index.js:662:22)\n    at async api.<computed> (file:///home/yamz/sites/projex/node_modules/better-auth/dist/shared/better-auth.BbL1R1Sz.mjs:6195:22)\n    at async processRequest (file:///home/yamz/sites/projex/node_modules/better-call/dist/index.js:3138:24)","length":100,"name":"error","severity":"FATAL","code":"28P01","file":"auth.c","line":"329","routine":"auth_failed"},"msg":"# SERVER_ERROR: "}
2025-11-20 20:32:40 +00:00: {"level":50,"time":1763670760742,"pid":243325,"hostname":"NeuroAcademy","name":"console","err":{"type":"DatabaseError","message":"password authentication failed for user \"yamz\"","stack":"error: password authentication failed for user \"yamz\"\n    at /home/yamz/sites/projex/node_modules/pg-pool/index.js:45:11\n    at process.processTicksAndRejections (node:internal/process/task_queues:105:5)\n    at async file:///home/yamz/sites/projex/node_modules/drizzle-orm/node-postgres/session.js:113:22\n    at async Object.findOne (file:///home/yamz/sites/projex/node_modules/better-auth/dist/adapters/drizzle-adapter/index.mjs:180:21)\n    at async Object.findOne (file:///home/yamz/sites/projex/node_modules/better-auth/dist/shared/better-auth.gBl3F_xa.mjs:543:19)\n    at async Object.findUserByEmail (file:///home/yamz/sites/projex/node_modules/better-auth/dist/shared/better-auth.B-6xBTSt.mjs:635:20)\n    at async file:///home/yamz/sites/projex/node_modules/better-auth/dist/api/index.mjs:187:20\n    at async internalHandler (file:///home/yamz/sites/projex/node_modules/better-call/dist/index.js:662:22)\n    at async api.<computed> (file:///home/yamz/sites/projex/node_modules/better-auth/dist/shared/better-auth.BbL1R1Sz.mjs:6195:22)\n    at async processRequest (file:///home/yamz/sites/projex/node_modules/better-call/dist/index.js:3138:24)","length":100,"name":"error","severity":"FATAL","code":"28P01","file":"auth.c","line":"329","routine":"auth_failed"},"msg":"# SERVER_ERROR: "}
2025-11-20 20:32:41 +00:00: {"level":50,"time":1763670761894,"pid":243325,"hostname":"NeuroAcademy","name":"console","err":{"type":"DatabaseError","message":"password authentication failed for user \"yamz\"","stack":"error: password authentication failed for user \"yamz\"\n    at /home/yamz/sites/projex/node_modules/pg-pool/index.js:45:11\n    at process.processTicksAndRejections (node:internal/process/task_queues:105:5)\n    at async file:///home/yamz/sites/projex/node_modules/drizzle-orm/node-postgres/session.js:113:22\n    at async Object.findOne (file:///home/yamz/sites/projex/node_modules/better-auth/dist/adapters/drizzle-adapter/index.mjs:180:21)\n    at async Object.findOne (file:///home/yamz/sites/projex/node_modules/better-auth/dist/shared/better-auth.gBl3F_xa.mjs:543:19)\n    at async Object.findUserByEmail (file:///home/yamz/sites/projex/node_modules/better-auth/dist/shared/better-auth.B-6xBTSt.mjs:635:20)\n    at async file:///home/yamz/sites/projex/node_modules/better-auth/dist/api/index.mjs:187:20\n    at async internalHandler (file:///home/yamz/sites/projex/node_modules/better-call/dist/index.js:662:22)\n    at async api.<computed> (file:///home/yamz/sites/projex/node_modules/better-auth/dist/shared/better-auth.BbL1R1Sz.mjs:6195:22)\n    at async processRequest (file:///home/yamz/sites/projex/node_modules/better-call/dist/index.js:3138:24)","length":100,"name":"error","severity":"FATAL","code":"28P01","file":"auth.c","line":"329","routine":"auth_failed"},"msg":"# SERVER_ERROR: "}
2025-11-20 21:43:21 +00:00: {"level":50,"time":1763675001856,"pid":243325,"hostname":"NeuroAcademy","name":"console","err":{"type":"DatabaseError","message":"password authentication failed for user \"yamz\"","stack":"error: password authentication failed for user \"yamz\"\n    at /home/yamz/sites/projex/node_modules/pg-pool/index.js:45:11\n    at process.processTicksAndRejections (node:internal/process/task_queues:105:5)\n    at async file:///home/yamz/sites/projex/node_modules/drizzle-orm/node-postgres/session.js:113:22\n    at async Object.findOne (file:///home/yamz/sites/projex/node_modules/better-auth/dist/adapters/drizzle-adapter/index.mjs:180:21)\n    at async Object.findOne (file:///home/yamz/sites/projex/node_modules/better-auth/dist/shared/better-auth.gBl3F_xa.mjs:543:19)\n    at async Object.findSession (file:///home/yamz/sites/projex/node_modules/better-auth/dist/shared/better-auth.B-6xBTSt.mjs:347:23)\n    at async file:///home/yamz/sites/projex/node_modules/better-auth/dist/shared/better-auth.BbL1R1Sz.mjs:391:23\n    at async internalHandler (file:///home/yamz/sites/projex/node_modules/better-call/dist/index.js:662:22)\n    at async api.<computed> (file:///home/yamz/sites/projex/node_modules/better-auth/dist/shared/better-auth.BbL1R1Sz.mjs:6195:22)\n    at async processRequest (file:///home/yamz/sites/projex/node_modules/better-call/dist/index.js:3138:24)","length":100,"name":"error","severity":"FATAL","code":"28P01","file":"auth.c","line":"329","routine":"auth_failed"},"msg":"\u001b[2m2025-11-20T21:43:21.856Z\u001b[0m \u001b[31mERROR\u001b[0m \u001b[1m[Better Auth]:\u001b[0m INTERNAL_SERVER_ERROR"}
2025-11-20 21:43:24 +00:00: {"level":50,"time":1763675004260,"pid":243325,"hostname":"NeuroAcademy","name":"console","err":{"type":"DatabaseError","message":"password authentication failed for user \"yamz\"","stack":"error: password authentication failed for user \"yamz\"\n    at /home/yamz/sites/projex/node_modules/pg-pool/index.js:45:11\n    at process.processTicksAndRejections (node:internal/process/task_queues:105:5)\n    at async file:///home/yamz/sites/projex/node_modules/drizzle-orm/node-postgres/session.js:113:22\n    at async Object.findOne (file:///home/yamz/sites/projex/node_modules/better-auth/dist/adapters/drizzle-adapter/index.mjs:180:21)\n    at async Object.findOne (file:///home/yamz/sites/projex/node_modules/better-auth/dist/shared/better-auth.gBl3F_xa.mjs:543:19)\n    at async Object.findSession (file:///home/yamz/sites/projex/node_modules/better-auth/dist/shared/better-auth.B-6xBTSt.mjs:347:23)\n    at async file:///home/yamz/sites/projex/node_modules/better-auth/dist/shared/better-auth.BbL1R1Sz.mjs:391:23\n    at async internalHandler (file:///home/yamz/sites/projex/node_modules/better-call/dist/index.js:662:22)\n    at async api.<computed> (file:///home/yamz/sites/projex/node_modules/better-auth/dist/shared/better-auth.BbL1R1Sz.mjs:6195:22)\n    at async processRequest (file:///home/yamz/sites/projex/node_modules/better-call/dist/index.js:3138:24)","length":100,"name":"error","severity":"FATAL","code":"28P01","file":"auth.c","line":"329","routine":"auth_failed"},"msg":"\u001b[2m2025-11-20T21:43:24.260Z\u001b[0m \u001b[31mERROR\u001b[0m \u001b[1m[Better Auth]:\u001b[0m INTERNAL_SERVER_ERROR"}
2025-11-20 21:43:35 +00:00: {"level":50,"time":1763675015832,"pid":243325,"hostname":"NeuroAcademy","name":"console","err":{"type":"DatabaseError","message":"password authentication failed for user \"yamz\"","stack":"error: password authentication failed for user \"yamz\"\n    at /home/yamz/sites/projex/node_modules/pg-pool/index.js:45:11\n    at process.processTicksAndRejections (node:internal/process/task_queues:105:5)\n    at async file:///home/yamz/sites/projex/node_modules/drizzle-orm/node-postgres/session.js:113:22\n    at async Object.findOne (file:///home/yamz/sites/projex/node_modules/better-auth/dist/adapters/drizzle-adapter/index.mjs:180:21)\n    at async Object.findOne (file:///home/yamz/sites/projex/node_modules/better-auth/dist/shared/better-auth.gBl3F_xa.mjs:543:19)\n    at async Object.findUserByEmail (file:///home/yamz/sites/projex/node_modules/better-auth/dist/shared/better-auth.B-6xBTSt.mjs:635:20)\n    at async file:///home/yamz/sites/projex/node_modules/better-auth/dist/api/index.mjs:187:20\n    at async internalHandler (file:///home/yamz/sites/projex/node_modules/better-call/dist/index.js:662:22)\n    at async api.<computed> (file:///home/yamz/sites/projex/node_modules/better-auth/dist/shared/better-auth.BbL1R1Sz.mjs:6195:22)\n    at async processRequest (file:///home/yamz/sites/projex/node_modules/better-call/dist/index.js:3138:24)","length":100,"name":"error","severity":"FATAL","code":"28P01","file":"auth.c","line":"329","routine":"auth_failed"},"msg":"# SERVER_ERROR: "}
2025-11-20 21:43:38 +00:00: {"level":50,"time":1763675018789,"pid":243325,"hostname":"NeuroAcademy","name":"console","err":{"type":"DatabaseError","message":"password authentication failed for user \"yamz\"","stack":"error: password authentication failed for user \"yamz\"\n    at /home/yamz/sites/projex/node_modules/pg-pool/index.js:45:11\n    at process.processTicksAndRejections (node:internal/process/task_queues:105:5)\n    at async file:///home/yamz/sites/projex/node_modules/drizzle-orm/node-postgres/session.js:113:22\n    at async Object.findOne (file:///home/yamz/sites/projex/node_modules/better-auth/dist/adapters/drizzle-adapter/index.mjs:180:21)\n    at async Object.findOne (file:///home/yamz/sites/projex/node_modules/better-auth/dist/shared/better-auth.gBl3F_xa.mjs:543:19)\n    at async Object.findUserByEmail (file:///home/yamz/sites/projex/node_modules/better-auth/dist/shared/better-auth.B-6xBTSt.mjs:635:20)\n    at async file:///home/yamz/sites/projex/node_modules/better-auth/dist/api/index.mjs:187:20\n    at async internalHandler (file:///home/yamz/sites/projex/node_modules/better-call/dist/index.js:662:22)\n    at async api.<computed> (file:///home/yamz/sites/projex/node_modules/better-auth/dist/shared/better-auth.BbL1R1Sz.mjs:6195:22)\n    at async processRequest (file:///home/yamz/sites/projex/node_modules/better-call/dist/index.js:3138:24)","length":100,"name":"error","severity":"FATAL","code":"28P01","file":"auth.c","line":"329","routine":"auth_failed"},"msg":"# SERVER_ERROR: "}
2025-11-20 21:45:26 +00:00: 
2025-11-20 21:45:26 +00:00: > @kan/web@0.1.0 start /home/yamz/sites/projex/apps/web
2025-11-20 21:45:26 +00:00: > pnpm with-env next start
2025-11-20 21:45:26 +00:00: 
2025-11-20 21:45:27 +00:00: 
2025-11-20 21:45:27 +00:00: > @kan/web@0.1.0 with-env /home/yamz/sites/projex/apps/web
2025-11-20 21:45:27 +00:00: > dotenv -e ../../.env -- "next" "start"
2025-11-20 21:45:27 +00:00: 
2025-11-20 21:45:27 +00:00:    ▲ Next.js 15.5.2
2025-11-20 21:45:27 +00:00:    - Local:        http://localhost:3000
2025-11-20 21:45:27 +00:00:    - Network:      http://159.89.146.28:3000
2025-11-20 21:45:27 +00:00: 
2025-11-20 21:45:27 +00:00:  ✓ Starting...
2025-11-20 21:45:28 +00:00: - event [next-runtime-env] read environment variables prefixed with 'NEXT_PUBLIC_' from process.env.
2025-11-20 21:45:28 +00:00: - ready [next-runtime-env] wrote browser runtime environment variables to '/home/yamz/sites/projex/apps/web/public/__ENV.js'.
2025-11-20 21:45:28 +00:00:  ⚠ Warning: Next.js inferred your workspace root, but it may not be correct.
2025-11-20 21:45:28 +00:00:  We detected multiple lockfiles and selected the directory of /home/yamz/sites/package-lock.json as the root directory.
2025-11-20 21:45:28 +00:00:  To silence this warning, set `outputFileTracingRoot` in your Next.js config, or consider removing one of the lockfiles if it's not needed.
2025-11-20 21:45:28 +00:00:    See https://nextjs.org/docs/app/api-reference/config/next-config-js/output#caveats for more information.
2025-11-20 21:45:28 +00:00:  Detected additional lockfiles: 
2025-11-20 21:45:28 +00:00:    * /home/yamz/sites/projex/pnpm-lock.yaml
2025-11-20 21:45:28 +00:00: 
2025-11-20 21:45:28 +00:00: {"level":30,"time":1763675128519,"pid":263373,"hostname":"NeuroAcademy","name":"console","msg":" ✓ Ready in 1034ms"}
2025-11-20 21:45:35 +00:00: {"level":50,"time":1763675135204,"pid":263373,"hostname":"NeuroAcademy","name":"console","err":{"type":"DatabaseError","message":"password authentication failed for user \"kan\"","stack":"error: password authentication failed for user \"kan\"\n    at /home/yamz/sites/projex/node_modules/pg-pool/index.js:45:11\n    at process.processTicksAndRejections (node:internal/process/task_queues:105:5)\n    at async file:///home/yamz/sites/projex/node_modules/drizzle-orm/node-postgres/session.js:113:22\n    at async Object.findOne (file:///home/yamz/sites/projex/node_modules/better-auth/dist/adapters/drizzle-adapter/index.mjs:180:21)\n    at async Object.findOne (file:///home/yamz/sites/projex/node_modules/better-auth/dist/shared/better-auth.gBl3F_xa.mjs:543:19)\n    at async Object.findUserByEmail (file:///home/yamz/sites/projex/node_modules/better-auth/dist/shared/better-auth.B-6xBTSt.mjs:635:20)\n    at async file:///home/yamz/sites/projex/node_modules/better-auth/dist/api/index.mjs:187:20\n    at async internalHandler (file:///home/yamz/sites/projex/node_modules/better-call/dist/index.js:662:22)\n    at async api.<computed> (file:///home/yamz/sites/projex/node_modules/better-auth/dist/shared/better-auth.BbL1R1Sz.mjs:6195:22)\n    at async processRequest (file:///home/yamz/sites/projex/node_modules/better-call/dist/index.js:3138:24)","length":99,"name":"error","severity":"FATAL","code":"28P01","file":"auth.c","line":"329","routine":"auth_failed"},"msg":"# SERVER_ERROR: "}
2025-11-20 21:46:34 +00:00: 
2025-11-20 21:46:34 +00:00: > @kan/web@0.1.0 start /home/yamz/sites/projex/apps/web
2025-11-20 21:46:34 +00:00: > pnpm with-env next start
2025-11-20 21:46:34 +00:00: 
2025-11-20 21:46:35 +00:00: 
2025-11-20 21:46:35 +00:00: > @kan/web@0.1.0 with-env /home/yamz/sites/projex/apps/web
2025-11-20 21:46:35 +00:00: > dotenv -e ../../.env -- "next" "start"
2025-11-20 21:46:35 +00:00: 
2025-11-20 21:46:36 +00:00:    ▲ Next.js 15.5.2
2025-11-20 21:46:36 +00:00:    - Local:        http://localhost:3000
2025-11-20 21:46:36 +00:00:    - Network:      http://159.89.146.28:3000
2025-11-20 21:46:36 +00:00: 
2025-11-20 21:46:36 +00:00:  ✓ Starting...
2025-11-20 21:46:36 +00:00: - event [next-runtime-env] read environment variables prefixed with 'NEXT_PUBLIC_' from process.env.
2025-11-20 21:46:36 +00:00: - ready [next-runtime-env] wrote browser runtime environment variables to '/home/yamz/sites/projex/apps/web/public/__ENV.js'.
2025-11-20 21:46:36 +00:00:  ⚠ Warning: Next.js inferred your workspace root, but it may not be correct.
2025-11-20 21:46:36 +00:00:  We detected multiple lockfiles and selected the directory of /home/yamz/sites/package-lock.json as the root directory.
2025-11-20 21:46:36 +00:00:  To silence this warning, set `outputFileTracingRoot` in your Next.js config, or consider removing one of the lockfiles if it's not needed.
2025-11-20 21:46:36 +00:00:    See https://nextjs.org/docs/app/api-reference/config/next-config-js/output#caveats for more information.
2025-11-20 21:46:36 +00:00:  Detected additional lockfiles: 
2025-11-20 21:46:36 +00:00:    * /home/yamz/sites/projex/pnpm-lock.yaml
2025-11-20 21:46:36 +00:00: 
2025-11-20 21:46:36 +00:00: {"level":30,"time":1763675196958,"pid":264262,"hostname":"NeuroAcademy","name":"console","msg":" ✓ Ready in 1045ms"}
2025-11-20 21:46:43 +00:00: {"level":50,"time":1763675203963,"pid":264262,"hostname":"NeuroAcademy","name":"console","err":{"type":"DatabaseError","message":"password authentication failed for user \"yamz\"","stack":"error: password authentication failed for user \"yamz\"\n    at /home/yamz/sites/projex/node_modules/pg-pool/index.js:45:11\n    at process.processTicksAndRejections (node:internal/process/task_queues:105:5)\n    at async file:///home/yamz/sites/projex/node_modules/drizzle-orm/node-postgres/session.js:113:22\n    at async Object.findOne (file:///home/yamz/sites/projex/node_modules/better-auth/dist/adapters/drizzle-adapter/index.mjs:180:21)\n    at async Object.findOne (file:///home/yamz/sites/projex/node_modules/better-auth/dist/shared/better-auth.gBl3F_xa.mjs:543:19)\n    at async Object.findUserByEmail (file:///home/yamz/sites/projex/node_modules/better-auth/dist/shared/better-auth.B-6xBTSt.mjs:635:20)\n    at async file:///home/yamz/sites/projex/node_modules/better-auth/dist/api/index.mjs:187:20\n    at async internalHandler (file:///home/yamz/sites/projex/node_modules/better-call/dist/index.js:662:22)\n    at async api.<computed> (file:///home/yamz/sites/projex/node_modules/better-auth/dist/shared/better-auth.BbL1R1Sz.mjs:6195:22)\n    at async processRequest (file:///home/yamz/sites/projex/node_modules/better-call/dist/index.js:3138:24)","length":100,"name":"error","severity":"FATAL","code":"28P01","file":"auth.c","line":"329","routine":"auth_failed"},"msg":"# SERVER_ERROR: "}
2025-11-20 21:46:49 +00:00: {"level":50,"time":1763675209108,"pid":264262,"hostname":"NeuroAcademy","name":"console","err":{"type":"DatabaseError","message":"password authentication failed for user \"yamz\"","stack":"error: password authentication failed for user \"yamz\"\n    at /home/yamz/sites/projex/node_modules/pg-pool/index.js:45:11\n    at process.processTicksAndRejections (node:internal/process/task_queues:105:5)\n    at async file:///home/yamz/sites/projex/node_modules/drizzle-orm/node-postgres/session.js:113:22\n    at async Object.findOne (file:///home/yamz/sites/projex/node_modules/better-auth/dist/adapters/drizzle-adapter/index.mjs:180:21)\n    at async Object.findOne (file:///home/yamz/sites/projex/node_modules/better-auth/dist/shared/better-auth.gBl3F_xa.mjs:543:19)\n    at async Object.findUserByEmail (file:///home/yamz/sites/projex/node_modules/better-auth/dist/shared/better-auth.B-6xBTSt.mjs:635:20)\n    at async file:///home/yamz/sites/projex/node_modules/better-auth/dist/api/index.mjs:187:20\n    at async internalHandler (file:///home/yamz/sites/projex/node_modules/better-call/dist/index.js:662:22)\n    at async api.<computed> (file:///home/yamz/sites/projex/node_modules/better-auth/dist/shared/better-auth.BbL1R1Sz.mjs:6195:22)\n    at async processRequest (file:///home/yamz/sites/projex/node_modules/better-call/dist/index.js:3138:24)","length":100,"name":"error","severity":"FATAL","code":"28P01","file":"auth.c","line":"329","routine":"auth_failed"},"msg":"# SERVER_ERROR: "}
2025-11-20 21:51:30 +00:00: 
2025-11-20 21:51:30 +00:00: > @kan/web@0.1.0 start /home/yamz/sites/projex/apps/web
2025-11-20 21:51:30 +00:00: > pnpm with-env next start
2025-11-20 21:51:30 +00:00: 
2025-11-20 21:51:31 +00:00: 
2025-11-20 21:51:31 +00:00: > @kan/web@0.1.0 with-env /home/yamz/sites/projex/apps/web
2025-11-20 21:51:31 +00:00: > dotenv -e ../../.env -- "next" "start"
2025-11-20 21:51:31 +00:00: 
2025-11-20 21:51:32 +00:00:    ▲ Next.js 15.5.2
2025-11-20 21:51:32 +00:00:    - Local:        http://localhost:3000
2025-11-20 21:51:32 +00:00:    - Network:      http://159.89.146.28:3000
2025-11-20 21:51:32 +00:00: 
2025-11-20 21:51:32 +00:00:  ✓ Starting...
2025-11-20 21:51:32 +00:00: - event [next-runtime-env] read environment variables prefixed with 'NEXT_PUBLIC_' from process.env.
2025-11-20 21:51:32 +00:00: - ready [next-runtime-env] wrote browser runtime environment variables to '/home/yamz/sites/projex/apps/web/public/__ENV.js'.
2025-11-20 21:51:32 +00:00:  ⚠ Warning: Next.js inferred your workspace root, but it may not be correct.
2025-11-20 21:51:32 +00:00:  We detected multiple lockfiles and selected the directory of /home/yamz/sites/package-lock.json as the root directory.
2025-11-20 21:51:32 +00:00:  To silence this warning, set `outputFileTracingRoot` in your Next.js config, or consider removing one of the lockfiles if it's not needed.
2025-11-20 21:51:32 +00:00:    See https://nextjs.org/docs/app/api-reference/config/next-config-js/output#caveats for more information.
2025-11-20 21:51:32 +00:00:  Detected additional lockfiles: 
2025-11-20 21:51:32 +00:00:    * /home/yamz/sites/projex/pnpm-lock.yaml
2025-11-20 21:51:32 +00:00: 
2025-11-20 21:51:33 +00:00: {"level":30,"time":1763675493322,"pid":266708,"hostname":"NeuroAcademy","name":"console","msg":" ✓ Ready in 1073ms"}
2025-11-20 21:51:38 +00:00: {"level":50,"time":1763675498794,"pid":266708,"hostname":"NeuroAcademy","name":"console","err":{"type":"DatabaseError","message":"password authentication failed for user \"yamz\"","stack":"error: password authentication failed for user \"yamz\"\n    at /home/yamz/sites/projex/node_modules/pg-pool/index.js:45:11\n    at process.processTicksAndRejections (node:internal/process/task_queues:105:5)\n    at async file:///home/yamz/sites/projex/node_modules/drizzle-orm/node-postgres/session.js:113:22\n    at async Object.findOne (file:///home/yamz/sites/projex/node_modules/better-auth/dist/adapters/drizzle-adapter/index.mjs:180:21)\n    at async Object.findOne (file:///home/yamz/sites/projex/node_modules/better-auth/dist/shared/better-auth.gBl3F_xa.mjs:543:19)\n    at async Object.findUserByEmail (file:///home/yamz/sites/projex/node_modules/better-auth/dist/shared/better-auth.B-6xBTSt.mjs:635:20)\n    at async file:///home/yamz/sites/projex/node_modules/better-auth/dist/api/index.mjs:187:20\n    at async internalHandler (file:///home/yamz/sites/projex/node_modules/better-call/dist/index.js:662:22)\n    at async api.<computed> (file:///home/yamz/sites/projex/node_modules/better-auth/dist/shared/better-auth.BbL1R1Sz.mjs:6195:22)\n    at async processRequest (file:///home/yamz/sites/projex/node_modules/better-call/dist/index.js:3138:24)","length":100,"name":"error","severity":"FATAL","code":"28P01","file":"auth.c","line":"329","routine":"auth_failed"},"msg":"# SERVER_ERROR: "}
2025-11-20 21:52:45 +00:00: {"level":50,"time":1763675565775,"pid":266708,"hostname":"NeuroAcademy","name":"console","err":{"type":"DatabaseError","message":"password authentication failed for user \"yamz\"","stack":"error: password authentication failed for user \"yamz\"\n    at /home/yamz/sites/projex/node_modules/pg-pool/index.js:45:11\n    at process.processTicksAndRejections (node:internal/process/task_queues:105:5)\n    at async file:///home/yamz/sites/projex/node_modules/drizzle-orm/node-postgres/session.js:113:22\n    at async Object.findOne (file:///home/yamz/sites/projex/node_modules/better-auth/dist/adapters/drizzle-adapter/index.mjs:180:21)\n    at async Object.findOne (file:///home/yamz/sites/projex/node_modules/better-auth/dist/shared/better-auth.gBl3F_xa.mjs:543:19)\n    at async Object.findSession (file:///home/yamz/sites/projex/node_modules/better-auth/dist/shared/better-auth.B-6xBTSt.mjs:347:23)\n    at async file:///home/yamz/sites/projex/node_modules/better-auth/dist/shared/better-auth.BbL1R1Sz.mjs:391:23\n    at async internalHandler (file:///home/yamz/sites/projex/node_modules/better-call/dist/index.js:662:22)\n    at async api.<computed> (file:///home/yamz/sites/projex/node_modules/better-auth/dist/shared/better-auth.BbL1R1Sz.mjs:6195:22)\n    at async processRequest (file:///home/yamz/sites/projex/node_modules/better-call/dist/index.js:3138:24)","length":100,"name":"error","severity":"FATAL","code":"28P01","file":"auth.c","line":"329","routine":"auth_failed"},"msg":"\u001b[2m2025-11-20T21:52:45.775Z\u001b[0m \u001b[31mERROR\u001b[0m \u001b[1m[Better Auth]:\u001b[0m INTERNAL_SERVER_ERROR"}
2025-11-20 21:52:55 +00:00: {"level":50,"time":1763675575489,"pid":266708,"hostname":"NeuroAcademy","name":"console","err":{"type":"DatabaseError","message":"password authentication failed for user \"yamz\"","stack":"error: password authentication failed for user \"yamz\"\n    at /home/yamz/sites/projex/node_modules/pg-pool/index.js:45:11\n    at process.processTicksAndRejections (node:internal/process/task_queues:105:5)\n    at async file:///home/yamz/sites/projex/node_modules/drizzle-orm/node-postgres/session.js:113:22\n    at async Object.findOne (file:///home/yamz/sites/projex/node_modules/better-auth/dist/adapters/drizzle-adapter/index.mjs:180:21)\n    at async Object.findOne (file:///home/yamz/sites/projex/node_modules/better-auth/dist/shared/better-auth.gBl3F_xa.mjs:543:19)\n    at async Object.findUserByEmail (file:///home/yamz/sites/projex/node_modules/better-auth/dist/shared/better-auth.B-6xBTSt.mjs:635:20)\n    at async file:///home/yamz/sites/projex/node_modules/better-auth/dist/api/index.mjs:187:20\n    at async internalHandler (file:///home/yamz/sites/projex/node_modules/better-call/dist/index.js:662:22)\n    at async api.<computed> (file:///home/yamz/sites/projex/node_modules/better-auth/dist/shared/better-auth.BbL1R1Sz.mjs:6195:22)\n    at async processRequest (file:///home/yamz/sites/projex/node_modules/better-call/dist/index.js:3138:24)","length":100,"name":"error","severity":"FATAL","code":"28P01","file":"auth.c","line":"329","routine":"auth_failed"},"msg":"# SERVER_ERROR: "}
2025-11-20 21:52:58 +00:00: {"level":50,"time":1763675578217,"pid":266708,"hostname":"NeuroAcademy","name":"console","err":{"type":"DatabaseError","message":"password authentication failed for user \"yamz\"","stack":"error: password authentication failed for user \"yamz\"\n    at /home/yamz/sites/projex/node_modules/pg-pool/index.js:45:11\n    at process.processTicksAndRejections (node:internal/process/task_queues:105:5)\n    at async file:///home/yamz/sites/projex/node_modules/drizzle-orm/node-postgres/session.js:113:22\n    at async Object.findOne (file:///home/yamz/sites/projex/node_modules/better-auth/dist/adapters/drizzle-adapter/index.mjs:180:21)\n    at async Object.findOne (file:///home/yamz/sites/projex/node_modules/better-auth/dist/shared/better-auth.gBl3F_xa.mjs:543:19)\n    at async Object.findUserByEmail (file:///home/yamz/sites/projex/node_modules/better-auth/dist/shared/better-auth.B-6xBTSt.mjs:635:20)\n    at async file:///home/yamz/sites/projex/node_modules/better-auth/dist/api/index.mjs:187:20\n    at async internalHandler (file:///home/yamz/sites/projex/node_modules/better-call/dist/index.js:662:22)\n    at async api.<computed> (file:///home/yamz/sites/projex/node_modules/better-auth/dist/shared/better-auth.BbL1R1Sz.mjs:6195:22)\n    at async processRequest (file:///home/yamz/sites/projex/node_modules/better-call/dist/index.js:3138:24)","length":100,"name":"error","severity":"FATAL","code":"28P01","file":"auth.c","line":"329","routine":"auth_failed"},"msg":"# SERVER_ERROR: "}
2025-11-20 21:53:02 +00:00: {"level":50,"time":1763675582779,"pid":266708,"hostname":"NeuroAcademy","name":"console","err":{"type":"DatabaseError","message":"password authentication failed for user \"yamz\"","stack":"error: password authentication failed for user \"yamz\"\n    at /home/yamz/sites/projex/node_modules/pg-pool/index.js:45:11\n    at process.processTicksAndRejections (node:internal/process/task_queues:105:5)\n    at async file:///home/yamz/sites/projex/node_modules/drizzle-orm/node-postgres/session.js:113:22\n    at async Object.findOne (file:///home/yamz/sites/projex/node_modules/better-auth/dist/adapters/drizzle-adapter/index.mjs:180:21)\n    at async Object.findOne (file:///home/yamz/sites/projex/node_modules/better-auth/dist/shared/better-auth.gBl3F_xa.mjs:543:19)\n    at async Object.findSession (file:///home/yamz/sites/projex/node_modules/better-auth/dist/shared/better-auth.B-6xBTSt.mjs:347:23)\n    at async file:///home/yamz/sites/projex/node_modules/better-auth/dist/shared/better-auth.BbL1R1Sz.mjs:391:23\n    at async internalHandler (file:///home/yamz/sites/projex/node_modules/better-call/dist/index.js:662:22)\n    at async api.<computed> (file:///home/yamz/sites/projex/node_modules/better-auth/dist/shared/better-auth.BbL1R1Sz.mjs:6195:22)\n    at async processRequest (file:///home/yamz/sites/projex/node_modules/better-call/dist/index.js:3138:24)","length":100,"name":"error","severity":"FATAL","code":"28P01","file":"auth.c","line":"329","routine":"auth_failed"},"msg":"\u001b[2m2025-11-20T21:53:02.779Z\u001b[0m \u001b[31mERROR\u001b[0m \u001b[1m[Better Auth]:\u001b[0m INTERNAL_SERVER_ERROR"}
2025-11-20 21:53:11 +00:00: {"level":50,"time":1763675591691,"pid":266708,"hostname":"NeuroAcademy","name":"console","err":{"type":"DatabaseError","message":"password authentication failed for user \"yamz\"","stack":"error: password authentication failed for user \"yamz\"\n    at /home/yamz/sites/projex/node_modules/pg-pool/index.js:45:11\n    at process.processTicksAndRejections (node:internal/process/task_queues:105:5)\n    at async file:///home/yamz/sites/projex/node_modules/drizzle-orm/node-postgres/session.js:113:22\n    at async Object.findOne (file:///home/yamz/sites/projex/node_modules/better-auth/dist/adapters/drizzle-adapter/index.mjs:180:21)\n    at async Object.findOne (file:///home/yamz/sites/projex/node_modules/better-auth/dist/shared/better-auth.gBl3F_xa.mjs:543:19)\n    at async Object.findUserByEmail (file:///home/yamz/sites/projex/node_modules/better-auth/dist/shared/better-auth.B-6xBTSt.mjs:635:20)\n    at async file:///home/yamz/sites/projex/node_modules/better-auth/dist/api/index.mjs:187:20\n    at async internalHandler (file:///home/yamz/sites/projex/node_modules/better-call/dist/index.js:662:22)\n    at async api.<computed> (file:///home/yamz/sites/projex/node_modules/better-auth/dist/shared/better-auth.BbL1R1Sz.mjs:6195:22)\n    at async processRequest (file:///home/yamz/sites/projex/node_modules/better-call/dist/index.js:3138:24)","length":100,"name":"error","severity":"FATAL","code":"28P01","file":"auth.c","line":"329","routine":"auth_failed"},"msg":"# SERVER_ERROR: "}
2025-11-20 22:10:22 +00:00: 
2025-11-20 22:10:22 +00:00: > @kan/web@0.1.0 start /home/yamz/sites/projex/apps/web
2025-11-20 22:10:22 +00:00: > pnpm with-env next start
2025-11-20 22:10:22 +00:00: 
2025-11-20 22:10:23 +00:00: 
2025-11-20 22:10:23 +00:00: > @kan/web@0.1.0 with-env /home/yamz/sites/projex/apps/web
2025-11-20 22:10:23 +00:00: > dotenv -e ../../.env -- "next" "start"
2025-11-20 22:10:23 +00:00: 
2025-11-20 22:10:24 +00:00:    ▲ Next.js 15.5.2
2025-11-20 22:10:24 +00:00:    - Local:        http://localhost:3000
2025-11-20 22:10:24 +00:00:    - Network:      http://159.89.146.28:3000
2025-11-20 22:10:24 +00:00: 
2025-11-20 22:10:24 +00:00:  ✓ Starting...
2025-11-20 22:10:24 +00:00: - event [next-runtime-env] read environment variables prefixed with 'NEXT_PUBLIC_' from process.env.
2025-11-20 22:10:24 +00:00: - ready [next-runtime-env] wrote browser runtime environment variables to '/home/yamz/sites/projex/apps/web/public/__ENV.js'.
2025-11-20 22:10:24 +00:00:  ⚠ Warning: Next.js inferred your workspace root, but it may not be correct.
2025-11-20 22:10:24 +00:00:  We detected multiple lockfiles and selected the directory of /home/yamz/sites/package-lock.json as the root directory.
2025-11-20 22:10:24 +00:00:  To silence this warning, set `outputFileTracingRoot` in your Next.js config, or consider removing one of the lockfiles if it's not needed.
2025-11-20 22:10:24 +00:00:    See https://nextjs.org/docs/app/api-reference/config/next-config-js/output#caveats for more information.
2025-11-20 22:10:24 +00:00:  Detected additional lockfiles: 
2025-11-20 22:10:24 +00:00:    * /home/yamz/sites/projex/pnpm-lock.yaml
2025-11-20 22:10:24 +00:00: 
2025-11-20 22:10:25 +00:00: {"level":30,"time":1763676625105,"pid":272045,"hostname":"NeuroAcademy","name":"console","msg":" ✓ Ready in 1395ms"}
2025-11-20 22:10:35 +00:00: {"level":50,"time":1763676635000,"pid":272045,"hostname":"NeuroAcademy","name":"console","err":{"type":"DatabaseError","message":"password authentication failed for user \"yamz\"","stack":"error: password authentication failed for user \"yamz\"\n    at /home/yamz/sites/projex/node_modules/pg-pool/index.js:45:11\n    at process.processTicksAndRejections (node:internal/process/task_queues:105:5)\n    at async file:///home/yamz/sites/projex/node_modules/drizzle-orm/node-postgres/session.js:113:22\n    at async Object.findOne (file:///home/yamz/sites/projex/node_modules/better-auth/dist/adapters/drizzle-adapter/index.mjs:180:21)\n    at async Object.findOne (file:///home/yamz/sites/projex/node_modules/better-auth/dist/shared/better-auth.gBl3F_xa.mjs:543:19)\n    at async Object.findUserByEmail (file:///home/yamz/sites/projex/node_modules/better-auth/dist/shared/better-auth.B-6xBTSt.mjs:635:20)\n    at async file:///home/yamz/sites/projex/node_modules/better-auth/dist/api/index.mjs:187:20\n    at async internalHandler (file:///home/yamz/sites/projex/node_modules/better-call/dist/index.js:662:22)\n    at async api.<computed> (file:///home/yamz/sites/projex/node_modules/better-auth/dist/shared/better-auth.BbL1R1Sz.mjs:6195:22)\n    at async processRequest (file:///home/yamz/sites/projex/node_modules/better-call/dist/index.js:3138:24)","length":100,"name":"error","severity":"FATAL","code":"28P01","file":"auth.c","line":"329","routine":"auth_failed"},"msg":"# SERVER_ERROR: "}
2025-11-20 22:19:47 +00:00: 
2025-11-20 22:19:47 +00:00: > @kan/web@0.1.0 start /home/yamz/sites/projex/apps/web
2025-11-20 22:19:47 +00:00: > pnpm with-env next start
2025-11-20 22:19:47 +00:00: 
2025-11-20 22:19:48 +00:00: 
2025-11-20 22:19:48 +00:00: > @kan/web@0.1.0 with-env /home/yamz/sites/projex/apps/web
2025-11-20 22:19:48 +00:00: > dotenv -e ../../.env -- "next" "start"
2025-11-20 22:19:48 +00:00: 
2025-11-20 22:19:49 +00:00:    ▲ Next.js 15.5.2
2025-11-20 22:19:49 +00:00:    - Local:        http://localhost:3000
2025-11-20 22:19:49 +00:00:    - Network:      http://159.89.146.28:3000
2025-11-20 22:19:49 +00:00: 
2025-11-20 22:19:49 +00:00:  ✓ Starting...
2025-11-20 22:19:49 +00:00: - event [next-runtime-env] read environment variables prefixed with 'NEXT_PUBLIC_' from process.env.
2025-11-20 22:19:49 +00:00: - ready [next-runtime-env] wrote browser runtime environment variables to '/home/yamz/sites/projex/apps/web/public/__ENV.js'.
2025-11-20 22:19:49 +00:00:  ⚠ Warning: Next.js inferred your workspace root, but it may not be correct.
2025-11-20 22:19:49 +00:00:  We detected multiple lockfiles and selected the directory of /home/yamz/sites/package-lock.json as the root directory.
2025-11-20 22:19:49 +00:00:  To silence this warning, set `outputFileTracingRoot` in your Next.js config, or consider removing one of the lockfiles if it's not needed.
2025-11-20 22:19:49 +00:00:    See https://nextjs.org/docs/app/api-reference/config/next-config-js/output#caveats for more information.
2025-11-20 22:19:49 +00:00:  Detected additional lockfiles: 
2025-11-20 22:19:49 +00:00:    * /home/yamz/sites/projex/pnpm-lock.yaml
2025-11-20 22:19:49 +00:00: 
2025-11-20 22:19:50 +00:00: {"level":30,"time":1763677190059,"pid":275177,"hostname":"NeuroAcademy","name":"console","msg":" ✓ Ready in 1032ms"}
2025-11-20 22:20:00 +00:00: {"level":30,"time":1763677200469,"pid":275177,"hostname":"NeuroAcademy","name":"console","msg":"Created default workspace for user test@example.com: 3ieqc6iimipi"}
2025-11-20 22:22:01 +00:00: {"level":30,"time":1763677321545,"pid":275177,"hostname":"NeuroAcademy","name":"console","msg":"Created default workspace for user bow@bow.com: od74ylwvhlmr"}
2025-11-20 22:22:34 +00:00: {"level":50,"time":1763677354726,"pid":275177,"hostname":"NeuroAcademy","name":"console","to":"test2@example.com","from":"smtp@selfmaxing.io","subject":"Sign in to kan.bn","template":"MAGIC_LINK","error":"Connection timeout","stack":"Error: Connection timeout\n    at SMTPConnection._formatError (/home/yamz/sites/projex/node_modules/nodemailer/lib/smtp-connection/index.js:809:19)\n    at SMTPConnection._onError (/home/yamz/sites/projex/node_modules/nodemailer/lib/smtp-connection/index.js:795:20)\n    at Timeout.<anonymous> (/home/yamz/sites/projex/node_modules/nodemailer/lib/smtp-connection/index.js:237:22)\n    at listOnTimeout (node:internal/timers:588:17)\n    at process.processTimers (node:internal/timers:523:7)","msg":"Email sending failed:"}
2025-11-20 22:22:34 +00:00: {"level":50,"time":1763677354727,"pid":275177,"hostname":"NeuroAcademy","name":"console","err":{"type":"Error","message":"Connection timeout","stack":"Error: Connection timeout\n    at SMTPConnection._formatError (/home/yamz/sites/projex/node_modules/nodemailer/lib/smtp-connection/index.js:809:19)\n    at SMTPConnection._onError (/home/yamz/sites/projex/node_modules/nodemailer/lib/smtp-connection/index.js:795:20)\n    at Timeout.<anonymous> (/home/yamz/sites/projex/node_modules/nodemailer/lib/smtp-connection/index.js:237:22)\n    at listOnTimeout (node:internal/timers:588:17)\n    at process.processTimers (node:internal/timers:523:7)","code":"ETIMEDOUT","command":"CONN"},"msg":"# SERVER_ERROR: "}
